[0731/142516.307:WARNING:spdy_session.cc(3365)] Received HEADERS for invalid stream 51
[0731/142516.307:WARNING:spdy_session.cc(3365)] Received HEADERS for invalid stream 55
[0731/142516.307:WARNING:spdy_session.cc(3365)] Received HEADERS for invalid stream 53
[0731/142516.307:WARNING:spdy_session.cc(3365)] Received HEADERS for invalid stream 61
[0731/142516.307:WARNING:spdy_session.cc(3365)] Received HEADERS for invalid stream 59
[0731/142516.307:WARNING:spdy_session.cc(3365)] Received HEADERS for invalid stream 63
[0731/142516.307:WARNING:spdy_session.cc(3365)] Received HEADERS for invalid stream 65
[0731/142516.307:WARNING:spdy_session.cc(3365)] Received HEADERS for invalid stream 69
[0731/142516.307:WARNING:spdy_session.cc(3365)] Received HEADERS for invalid stream 73
[0731/142516.307:WARNING:spdy_session.cc(3365)] Received HEADERS for invalid stream 75
[0731/142516.308:WARNING:spdy_session.cc(3365)] Received HEADERS for invalid stream 77
[0731/142516.308:WARNING:spdy_session.cc(3365)] Received HEADERS for invalid stream 71
[0731/142516.308:WARNING:spdy_session.cc(3365)] Received HEADERS for invalid stream 83
[0731/142516.308:WARNING:spdy_session.cc(3365)] Received HEADERS for invalid stream 87
[0731/142516.308:WARNING:spdy_session.cc(3365)] Received HEADERS for invalid stream 89
[0731/142516.308:WARNING:spdy_session.cc(3365)] Received HEADERS for invalid stream 91
[0731/142516.308:WARNING:spdy_session.cc(3365)] Received HEADERS for invalid stream 95
[0731/142516.308:WARNING:spdy_session.cc(3365)] Received HEADERS for invalid stream 97
[0731/142516.308:WARNING:spdy_session.cc(3365)] Received HEADERS for invalid stream 93
[0731/142516.308:WARNING:spdy_session.cc(3365)] Received HEADERS for invalid stream 99
[0731/142516.308:WARNING:spdy_session.cc(3365)] Received HEADERS for invalid stream 103
[0731/142516.308:WARNING:spdy_session.cc(3365)] Received HEADERS for invalid stream 101
[0731/142516.308:WARNING:spdy_session.cc(3365)] Received HEADERS for invalid stream 109
[0731/142516.308:WARNING:spdy_session.cc(3365)] Received HEADERS for invalid stream 107
[0731/142516.308:WARNING:spdy_session.cc(3365)] Received HEADERS for invalid stream 111
[0731/142516.308:WARNING:spdy_session.cc(3365)] Received HEADERS for invalid stream 105
[0731/142516.308:WARNING:spdy_session.cc(3365)] Received HEADERS for invalid stream 79
[0731/142516.308:WARNING:spdy_session.cc(3365)] Received HEADERS for invalid stream 113
[0731/142516.308:WARNING:spdy_session.cc(3365)] Received HEADERS for invalid stream 67
[0731/142516.308:WARNING:spdy_session.cc(3365)] Received HEADERS for invalid stream 81
[0731/142516.308:WARNING:spdy_session.cc(3365)] Received HEADERS for invalid stream 57
[0731/142516.308:WARNING:spdy_session.cc(3365)] Received HEADERS for invalid stream 85
[0731/142716.434:ERROR:audio_rtp_receiver.cc(89)] AudioRtpReceiver::OnSetVolume: No audio channel exists.
[0731/142716.435:WARNING:used_ids.h(55)] Duplicate id found. Reassigning from 104 to 127
[0731/142716.435:WARNING:used_ids.h(55)] Duplicate id found. Reassigning from 102 to 125
[0731/142716.435:WARNING:used_ids.h(55)] Duplicate id found. Reassigning from 104 to 124
[0731/142716.435:WARNING:used_ids.h(55)] Duplicate id found. Reassigning from 106 to 123
[0731/142716.435:WARNING:used_ids.h(55)] Duplicate id found. Reassigning from 103 to 122
[0731/142716.435:WARNING:used_ids.h(55)] Duplicate id found. Reassigning from 105 to 121
[0731/142716.435:WARNING:used_ids.h(55)] Duplicate id found. Reassigning from 109 to 120
[0731/142716.435:WARNING:used_ids.h(55)] Duplicate id found. Reassigning from 1 to 14
[0731/142716.435:WARNING:used_ids.h(55)] Duplicate id found. Reassigning from 3 to 13
[0731/142716.435:WARNING:used_ids.h(55)] Duplicate id found. Reassigning from 5 to 12
[0731/142716.435:WARNING:used_ids.h(55)] Duplicate id found. Reassigning from 6 to 11
[0731/142728.050:WARNING:used_ids.h(55)] Duplicate id found. Reassigning from 104 to 127
[0731/142728.050:WARNING:used_ids.h(55)] Duplicate id found. Reassigning from 102 to 125
[0731/142728.050:WARNING:used_ids.h(55)] Duplicate id found. Reassigning from 104 to 124
[0731/142728.050:WARNING:used_ids.h(55)] Duplicate id found. Reassigning from 106 to 123
[0731/142728.050:WARNING:used_ids.h(55)] Duplicate id found. Reassigning from 103 to 122
[0731/142728.050:WARNING:used_ids.h(55)] Duplicate id found. Reassigning from 105 to 121
[0731/142728.050:WARNING:used_ids.h(55)] Duplicate id found. Reassigning from 109 to 120
[0731/142728.050:WARNING:used_ids.h(55)] Duplicate id found. Reassigning from 1 to 14
[0731/142728.050:WARNING:used_ids.h(55)] Duplicate id found. Reassigning from 3 to 13
[0731/142728.050:WARNING:used_ids.h(55)] Duplicate id found. Reassigning from 5 to 12
[0731/142728.050:WARNING:used_ids.h(55)] Duplicate id found. Reassigning from 6 to 11
[0731/142728.050:ERROR:audio_rtp_receiver.cc(89)] AudioRtpReceiver::OnSetVolume: No audio channel exists.
[0731/142748.681:ERROR:batching_media_log.cc(38)] MediaEvent: {"error":"FFmpegDemuxer: no supported streams"}
[0731/142748.681:ERROR:batching_media_log.cc(35)] MediaEvent: {"pipeline_error":14}
[0731/142748.706:ERROR:batching_media_log.cc(38)] MediaEvent: {"error":"FFmpegDemuxer: no supported streams"}
[0731/142748.706:ERROR:batching_media_log.cc(35)] MediaEvent: {"pipeline_error":14}
[0731/142748.721:WARNING:spdy_session.cc(3365)] Received HEADERS for invalid stream 131
